<?xml version="1.0" encoding="UTF-8"?>
<!-- Generated by org.testng.reporters.JUnitReportReporter -->
<testsuite hostname="lapdell-0235" failures="0" tests="1" name="tests.SignUpTest" time="9.482" errors="0" timestamp="31 Aug 2023 11:58:03 GMT" skipped="0">
  <testcase classname="tests.SignUpTest" name="SignUpSuccessfully" time="9.482"/>
</testsuite> <!-- tests.SignUpTest -->
