<?xml version="1.0" encoding="UTF-8"?>
<!-- Generated by org.testng.reporters.JUnitReportReporter -->
<testsuite hostname="CTC-LAPT-116" failures="0" tests="1" name="tests.FakePricingPageTest" time="11.303" errors="0" timestamp="2024-10-30T11:33:40 ICT" skipped="0">
  <testcase classname="tests.FakePricingPageTest" name="VerifyNotAvailableBenefitForEachModel" time="11.303"/>
</testsuite> <!-- tests.FakePricingPageTest -->
