<?xml version="1.0" encoding="UTF-8"?>
<!-- Generated by org.testng.reporters.JUnitReportReporter -->
<testsuite hostname="CTC-LAPT-116" failures="0" tests="2" name="tests.LoginAutomationTest" time="32.826" errors="0" timestamp="2024-11-14T14:20:44 ICT" skipped="0">
  <testcase classname="tests.LoginAutomationTest" name="VerifyLoginWithEmptyUserNameAndPassword" time="14.766"/>
  <testcase classname="tests.LoginAutomationTest" name="VerifySignUpSuccessfully" time="18.060"/>
</testsuite> <!-- tests.LoginAutomationTest -->
