<?xml version="1.0" encoding="UTF-8"?>
<!-- Generated by org.testng.reporters.JUnitReportReporter -->
<testsuite hostname="CTC-LAPT-116" failures="0" tests="1" name="tests.FakePricingPageTest" time="12.302" errors="0" timestamp="2024-11-14T14:20:44 ICT" skipped="0">
  <testcase classname="tests.FakePricingPageTest" name="VerifyNotAvailableBenefitForEachModel" time="12.302"/>
</testsuite> <!-- tests.FakePricingPageTest -->
