<?xml version="1.0" encoding="UTF-8"?>
<!-- Generated by org.testng.reporters.JUnitReportReporter -->
<testsuite hostname="CTC-LAPT-116" failures="0" tests="2" name="tests.LoginAutomationTest" time="31.481" errors="0" timestamp="2024-11-07T14:02:09 ICT" skipped="0">
  <testcase classname="tests.LoginAutomationTest" name="VerifyLoginWithEmptyUserNameAndPassword" time="13.822"/>
  <testcase classname="tests.LoginAutomationTest" name="VerifySignUpSuccessfully" time="17.659"/>
</testsuite> <!-- tests.LoginAutomationTest -->
