<?xml version="1.0" encoding="UTF-8"?>
<!-- Generated by org.testng.reporters.JUnitReportReporter -->
<testsuite hostname="CTC-LAPT-116" failures="0" tests="1" name="tests.FillOutFormsTest" time="8.061" errors="0" timestamp="2024-11-14T15:25:12 ICT" skipped="0">
  <testcase classname="tests.FillOutFormsTest" name="VerirySubmitEmtryDataForCaptchaForm" time="8.061"/>
</testsuite> <!-- tests.FillOutFormsTest -->
