<?xml version="1.0" encoding="UTF-8"?>
<!-- Generated by org.testng.reporters.JUnitReportReporter -->
<testsuite hostname="CTC-LAPT-116" failures="0" tests="1" name="tests.LoginAutomationTest" time="15.215" errors="0" timestamp="2024-11-14T14:40:26 ICT" skipped="0">
  <testcase classname="tests.LoginAutomationTest" name="VerifyLoginWithEmptyUserNameAndPassword" time="15.215"/>
</testsuite> <!-- tests.LoginAutomationTest -->
