<?xml version="1.0" encoding="UTF-8"?>
<!-- Generated by org.testng.reporters.JUnitReportReporter -->
<testsuite hostname="lapdell-0235" failures="0" tests="2" name="tests.LoginAutomationTest" time="36.437" errors="0" timestamp="21 Apr 2024 04:47:27 GMT" skipped="0">
  <testcase classname="tests.LoginAutomationTest" name="VerifySignUpSuccessfully" time="21.214"/>
  <testcase classname="tests.LoginAutomationTest" name="VerifyLoginWithEmptyUserNameAndPassword" time="15.223"/>
</testsuite> <!-- tests.LoginAutomationTest -->
