<?xml version="1.0" encoding="UTF-8"?>
<!-- Generated by org.testng.reporters.JUnitReportReporter -->
<testsuite hostname="CTC-LAPT-116" failures="0" tests="1" name="tests.FillOutFormsTest" time="8.998" errors="0" timestamp="2024-10-29T16:34:37 ICT" skipped="0">
  <testcase classname="tests.FillOutFormsTest" name="VerirySubmitEmtryDataForCaptchaForm" time="8.998"/>
</testsuite> <!-- tests.FillOutFormsTest -->
